TN:
SF:src/app.ts
FNF:0
FNH:0
DA:7,1
DA:8,1
DA:9,1
DA:10,1
DA:11,1
LF:5
LH:5
BRF:0
BRH:0
end_of_record
TN:
SF:src/database.ts
FNF:0
FNH:0
DA:3,1
DA:5,1
DA:6,1
LF:3
LH:3
BRF:0
BRH:0
end_of_record
TN:
SF:src/controllers/cardController.ts
FN:4,create
FN:14,activate
FNF:2
FNH:1
FNDA:1,create
FNDA:0,activate
DA:5,1
DA:6,1
DA:8,1
DA:9,1
DA:11,1
DA:15,0
DA:17,0
DA:18,0
DA:20,0
LF:9
LH:5
BRDA:6,0,0,0
BRF:1
BRH:0
end_of_record
TN:
SF:src/middlewares/errorHandlerMiddleware.ts
FN:3,errorHandlerMiddleware
FNF:1
FNH:0
FNDA:0,errorHandlerMiddleware
DA:9,0
DA:11,0
DA:12,0
DA:13,0
DA:14,0
DA:15,0
DA:16,0
DA:17,0
DA:18,0
DA:21,0
LF:10
LH:0
BRDA:11,0,0,0
BRDA:11,0,1,0
BRDA:13,1,0,0
BRDA:13,1,1,0
BRDA:15,2,0,0
BRDA:15,2,1,0
BRDA:17,3,0,0
BRF:7
BRH:0
end_of_record
TN:
SF:src/middlewares/validateSchemaMiddleware.ts
FN:4,validateSchemaMiddleware
FN:5,(anonymous_1)
FNF:2
FNH:2
FNDA:2,validateSchemaMiddleware
FNDA:1,(anonymous_1)
DA:5,2
DA:6,1
DA:7,1
DA:8,0
DA:11,1
LF:5
LH:4
BRDA:7,0,0,0
BRF:1
BRH:0
end_of_record
TN:
SF:src/repositories/cardRepository.ts
FN:28,find
FN:33,findById
FN:42,findByTypeAndEmployeeId
FN:54,findByCardDetails
FN:70,insert
FN:105,update
FN:122,remove
FNF:7
FNH:2
FNDA:0,find
FNDA:0,findById
FNDA:1,findByTypeAndEmployeeId
FNDA:0,findByCardDetails
FNDA:1,insert
FNDA:0,update
FNDA:0,remove
DA:29,0
DA:30,0
DA:34,0
DA:39,0
DA:46,1
DA:51,1
DA:59,0
DA:67,0
DA:82,1
DA:84,1
DA:107,0
DA:112,0
DA:123,0
LF:13
LH:4
BRF:0
BRH:0
end_of_record
TN:
SF:src/repositories/companyRepository.ts
FN:9,findByApiKey
FNF:1
FNH:1
FNDA:1,findByApiKey
DA:10,1
DA:15,1
LF:2
LH:2
BRF:0
BRH:0
end_of_record
TN:
SF:src/repositories/employeeRepository.ts
FN:11,findById
FNF:1
FNH:1
FNDA:1,findById
DA:12,1
DA:17,1
LF:2
LH:2
BRF:0
BRH:0
end_of_record
TN:
SF:src/routes/cardRouter.ts
FNF:0
FNH:0
DA:7,1
DA:8,1
DA:13,1
LF:3
LH:3
BRF:0
BRH:0
end_of_record
TN:
SF:src/schemas/activateCardSchema.ts
FNF:0
FNH:0
DA:3,1
LF:1
LH:1
BRF:0
BRH:0
end_of_record
TN:
SF:src/schemas/createCardSchema.ts
FNF:0
FNH:0
DA:3,1
LF:1
LH:1
BRF:0
BRH:0
end_of_record
TN:
SF:src/services/cardService.ts
FN:8,create
FN:36,generateCardData
FN:51,getMiddleNameInitial
FN:55,filterTwoLetterMiddleName
FN:59,formatCardholderName
FN:73,getHashedSecurityCode
FN:80,activate
FN:100,validateExpirationDateOrFail
FN:107,getById
FN:115,validateCVCOrFail
FN:122,validatePasswordOrFail
FNF:11
FNH:4
FNDA:1,create
FNDA:1,generateCardData
FNDA:0,getMiddleNameInitial
FNDA:0,filterTwoLetterMiddleName
FNDA:1,formatCardholderName
FNDA:1,getHashedSecurityCode
FNDA:0,activate
FNDA:0,validateExpirationDateOrFail
FNDA:0,getById
FNDA:0,validateCVCOrFail
FNDA:0,validatePasswordOrFail
DA:13,1
DA:15,1
DA:17,1
DA:21,1
DA:22,0
DA:25,1
DA:27,1
DA:37,1
DA:38,1
DA:39,1
DA:41,1
DA:43,1
DA:52,0
DA:56,0
DA:60,1
DA:61,1
DA:62,1
DA:66,1
DA:67,0
DA:70,1
DA:74,1
DA:75,1
DA:77,1
DA:81,0
DA:83,0
DA:84,0
DA:86,0
DA:87,0
DA:88,0
DA:91,0
DA:92,0
DA:93,0
DA:96,0
DA:97,0
DA:101,0
DA:102,0
DA:103,0
DA:108,0
DA:109,0
DA:110,0
DA:112,0
DA:116,0
DA:117,0
DA:118,0
DA:123,0
DA:124,0
DA:125,0
LF:47
LH:19
BRDA:21,0,0,0
BRDA:56,1,0,0
BRDA:66,2,0,0
BRDA:87,3,0,0
BRDA:92,4,0,0
BRDA:102,5,0,0
BRDA:109,6,0,0
BRDA:117,7,0,0
BRDA:124,8,0,0
BRF:9
BRH:0
end_of_record
TN:
SF:src/services/companyService.ts
FN:3,validateApiKeyOrFail
FNF:1
FNH:1
FNDA:1,validateApiKeyOrFail
DA:4,1
DA:5,1
DA:6,0
LF:3
LH:2
BRDA:5,0,0,0
BRF:1
BRH:0
end_of_record
TN:
SF:src/services/employeeService.ts
FN:3,getById
FNF:1
FNH:1
FNDA:1,getById
DA:4,1
DA:5,1
DA:6,0
DA:9,1
LF:4
LH:3
BRDA:5,0,0,0
BRF:1
BRH:0
end_of_record
TN:
SF:tests/factories/createCard.ts
FN:4,createCard
FNF:1
FNH:1
FNDA:1,createCard
DA:5,1
DA:10,1
DA:15,1
DA:22,1
DA:33,1
DA:38,1
LF:6
LH:6
BRF:0
BRH:0
end_of_record
TN:
SF:utils/sqlUtils.ts
FN:1,mapObjectToUpdateQuery
FN:3,(anonymous_1)
FNF:2
FNH:0
FNDA:0,mapObjectToUpdateQuery
FNDA:0,(anonymous_1)
DA:2,0
DA:3,0
DA:5,0
DA:7,0
LF:4
LH:0
BRDA:1,0,0,0
BRF:1
BRH:0
end_of_record
